[debug] [2023-11-11T12:26:02.668Z] ----------------------------------------------------------------------
[debug] [2023-11-11T12:26:02.677Z] Command:       C:\Program Files\nodejs\node.exe C:\Users\iamtipe\AppData\Roaming\npm\node_modules\firebase-tools\lib\bin\firebase.js init
[debug] [2023-11-11T12:26:02.679Z] CLI Version:   12.8.1
[debug] [2023-11-11T12:26:02.681Z] Platform:      win32
[debug] [2023-11-11T12:26:02.682Z] Node Version:  v18.17.0
[debug] [2023-11-11T12:26:02.684Z] Time:          Sat Nov 11 2023 14:26:02 GMT+0200 (South Africa Standard Time)
[debug] [2023-11-11T12:26:02.684Z] ----------------------------------------------------------------------
[debug] 
[debug] [2023-11-11T12:26:02.925Z] > command requires scopes: ["email","openid","https://www.googleapis.com/auth/cloudplatformprojects.readonly","https://www.googleapis.com/auth/firebase","https://www.googleapis.com/auth/cloud-platform"]
[debug] [2023-11-11T12:26:02.927Z] > authorizing via signed-in user (moshweutipe@gmail.com)
[info] 
     ######## #### ########  ######## ########     ###     ######  ########
     ##        ##  ##     ## ##       ##     ##  ##   ##  ##       ##
     ######    ##  ########  ######   ########  #########  ######  ######
     ##        ##  ##    ##  ##       ##     ## ##     ##       ## ##
     ##       #### ##     ## ######## ########  ##     ##  ######  ########

You're about to initialize a Firebase project in this directory:

  C:\Users\iamtipe\source\repos\AuthApp\angular\AuthApp

Before we get started, keep in mind:

  * You are initializing within an existing Firebase project directory

[info] 
=== Project Setup
[info] 
[info] First, let's associate this project directory with a Firebase project.
[info] You can create multiple project aliases by running firebase use --add, 
[info] but for now we'll just set up a default project.
[info] 
[debug] [2023-11-11T12:26:10.490Z] Using project from CLI flag: authapp-397212
[debug] [2023-11-11T12:26:10.498Z] >>> [apiv2][query] GET https://firebase.googleapis.com/v1beta1/projects/authapp-397212 [none]
[debug] [2023-11-11T12:26:11.384Z] <<< [apiv2][status] GET https://firebase.googleapis.com/v1beta1/projects/authapp-397212 200
[debug] [2023-11-11T12:26:11.385Z] <<< [apiv2][body] GET https://firebase.googleapis.com/v1beta1/projects/authapp-397212 {"projectId":"authapp-397212","projectNumber":"259855884454","displayName":"AuthApp","name":"projects/authapp-397212","resources":{"hostingSite":"authapp-397212"},"state":"ACTIVE","etag":"1_20eed876-d395-4cab-9a00-b82bbd33781d"}
[info] i  Using project authapp-397212 (AuthApp) 
[info] 
=== Hosting:github Setup
[info] 
[info] i  Detected a .git folder at C:\Users\iamtipe\source\repos\AuthApp 
[info] i  Authorizing with GitHub to upload your service account to a GitHub repository's secrets store. 
[info] 
[info] Visit this URL on this device to log in:
[info] https://github.com/login/oauth/authorize?client_id=89cf50f02ac6aaed3484&state=616766515&redirect_uri=http%3A%2F%2Flocalhost%3A9005&scope=read%3Auser%20repo%20public_repo
[info] 
[info] Waiting for authentication...
[debug] [2023-11-11T12:26:30.429Z] >>> [apiv2][query] POST https://github.com/login/oauth/access_token [none]
[debug] [2023-11-11T12:26:30.430Z] >>> [apiv2][body] POST https://github.com/login/oauth/access_token [stream]
[debug] [2023-11-11T12:26:30.944Z] <<< [apiv2][status] POST https://github.com/login/oauth/access_token 200
[debug] [2023-11-11T12:26:30.944Z] <<< [apiv2][body] POST https://github.com/login/oauth/access_token {"access_token":"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","token_type":"bearer","scope":"read:user,repo"}
[debug] [2023-11-11T12:26:30.959Z] >>> [apiv2][query] GET https://api.github.com/user [none]
[debug] [2023-11-11T12:26:31.469Z] <<< [apiv2][status] GET https://api.github.com/user 200
[debug] [2023-11-11T12:26:31.469Z] <<< [apiv2][body] GET https://api.github.com/user {"login":"Lesiba-Tipe","id":57575526,"node_id":"MDQ6VXNlcjU3NTc1NTI2","avatar_url":"https://avatars.githubusercontent.com/u/57575526?v=4","gravatar_id":"","url":"https://api.github.com/users/Lesiba-Tipe","html_url":"https://github.com/Lesiba-Tipe","followers_url":"https://api.github.com/users/Lesiba-Tipe/followers","following_url":"https://api.github.com/users/Lesiba-Tipe/following{/other_user}","gists_url":"https://api.github.com/users/Lesiba-Tipe/gists{/gist_id}","starred_url":"https://api.github.com/users/Lesiba-Tipe/starred{/owner}{/repo}","subscriptions_url":"https://api.github.com/users/Lesiba-Tipe/subscriptions","organizations_url":"https://api.github.com/users/Lesiba-Tipe/orgs","repos_url":"https://api.github.com/users/Lesiba-Tipe/repos","events_url":"https://api.github.com/users/Lesiba-Tipe/events{/privacy}","received_events_url":"https://api.github.com/users/Lesiba-Tipe/received_events","type":"User","site_admin":false,"name":"Lesiba","company":"Tipe Graphics","blog":"tipegraphics.co.za","location":"Polokwane","email":null,"hireable":null,"bio":"while( Technical() ) \r\n{\r\n     Execute(Task());\r\n}","twitter_username":"iamtipe","public_repos":18,"public_gists":0,"followers":6,"following":16,"created_at":"2019-11-09T21:55:12Z","updated_at":"2023-11-11T12:26:17Z","private_gists":0,"total_private_repos":17,"owned_private_repos":17,"disk_usage":152815,"collaborators":4,"two_factor_authentication":false,"plan":{"name":"free","space":976562499,"collaborators":0,"private_repos":10000}}
[info] 
[info] +  Success! Logged into GitHub as Lesiba-Tipe 
[info] 
